# JRE version: Java(TM) SE Runtime Environment (17.0.10+11) (build 17.0.10+11-LTS-240)
# Java VM: Java HotSpot(TM) 64-Bit Server VM (17.0.10+11-LTS-240, mixed mode, emulated-client, sharing, tiered, compressed oops, compressed class ptrs, g1 gc, windows-amd64)
GC Precious Log:
 CPUs: 4 total, 4 available
 Memory: 7815M
 Large Page Support: Disabled
 NUMA Support: Disabled
 Compressed Oops: Enabled (32-bit)
 Heap Region Size: 1M
 Heap Min Capacity: 8M
 Heap Initial Capacity: 124M
 Heap Max Capacity: 1954M
 Pre-touch: Disabled
 Parallel Workers: 4
 Concurrent Workers: 1
 Concurrent Refinement Workers: 4
 Periodic GC: Disabled
Heap:
 garbage-first heap   total 161792K, used 94285K [0x0000000085e00000, 0x0000000100000000)
  region size 1024K, 6 young (6144K), 6 survivors (6144K)
 Metaspace       used 69312K, committed 69888K, reserved 1114112K
  class space    used 9982K, committed 10240K, reserved 1048576K
GC Heap History (20 events):
Event: 13.379 GC heap after
{Heap after GC invocations=13 (full 0):
 garbage-first heap   total 70656K, used 27429K [0x0000000085e00000, 0x0000000100000000)
  region size 1024K, 2 young (2048K), 2 survivors (2048K)
 Metaspace       used 53083K, committed 53568K, reserved 1114112K
  class space    used 7437K, committed 7680K, reserved 1048576K
}
Event: 14.469 GC heap before
{Heap before GC invocations=13 (full 0):
 garbage-first heap   total 70656K, used 52005K [0x0000000085e00000, 0x0000000100000000)
  region size 1024K, 27 young (27648K), 2 survivors (2048K)
 Metaspace       used 60568K, committed 61056K, reserved 1114112K
  class space    used 8709K, committed 8960K, reserved 1048576K
}
Event: 14.475 GC heap after
{Heap after GC invocations=14 (full 0):
 garbage-first heap   total 70656K, used 28252K [0x0000000085e00000, 0x0000000100000000)
  region size 1024K, 3 young (3072K), 3 survivors (3072K)
 Metaspace       used 60568K, committed 61056K, reserved 1114112K
  class space    used 8709K, committed 8960K, reserved 1048576K
}
Event: 15.542 GC heap before
{Heap before GC invocations=15 (full 0):
 garbage-first heap   total 70656K, used 55900K [0x0000000085e00000, 0x0000000100000000)
  region size 1024K, 30 young (30720K), 3 survivors (3072K)
 Metaspace       used 63924K, committed 64448K, reserved 1114112K
  class space    used 9204K, committed 9408K, reserved 1048576K
}
Event: 15.556 GC heap after
{Heap after GC invocations=16 (full 0):
 garbage-first heap   total 70656K, used 30628K [0x0000000085e00000, 0x0000000100000000)
  region size 1024K, 4 young (4096K), 4 survivors (4096K)
 Metaspace       used 63924K, committed 64448K, reserved 1114112K
  class space    used 9204K, committed 9408K, reserved 1048576K
}
Event: 16.322 GC heap before
{Heap before GC invocations=17 (full 0):
 garbage-first heap   total 70656K, used 55204K [0x0000000085e00000, 0x0000000100000000)
  region size 1024K, 29 young (29696K), 4 survivors (4096K)
 Metaspace       used 67089K, committed 67648K, reserved 1114112K
  class space    used 9648K, committed 9920K, reserved 1048576K
}
Event: 16.335 GC heap after
{Heap after GC invocations=18 (full 0):
 garbage-first heap   total 70656K, used 32987K [0x0000000085e00000, 0x0000000100000000)
  region size 1024K, 3 young (3072K), 3 survivors (3072K)
 Metaspace       used 67089K, committed 67648K, reserved 1114112K
  class space    used 9648K, committed 9920K, reserved 1048576K
}
Event: 16.362 GC heap before
{Heap before GC invocations=18 (full 0):
 garbage-first heap   total 70656K, used 34011K [0x0000000085e00000, 0x0000000100000000)
  region size 1024K, 5 young (5120K), 3 survivors (3072K)
 Metaspace       used 67244K, committed 67776K, reserved 1114112K
  class space    used 9660K, committed 9920K, reserved 1048576K
}
Event: 16.370 GC heap after
{Heap after GC invocations=19 (full 0):
 garbage-first heap   total 70656K, used 33342K [0x0000000085e00000, 0x0000000100000000)
  region size 1024K, 1 young (1024K), 1 survivors (1024K)
 Metaspace       used 67244K, committed 67776K, reserved 1114112K
  class space    used 9660K, committed 9920K, reserved 1048576K
}
Event: 16.618 GC heap before
{Heap before GC invocations=20 (full 0):
 garbage-first heap   total 80896K, used 55870K [0x0000000085e00000, 0x0000000100000000)
  region size 1024K, 23 young (23552K), 1 survivors (1024K)
 Metaspace       used 67272K, committed 67776K, reserved 1114112K
  class space    used 9664K, committed 9920K, reserved 1048576K
}
Event: 16.638 GC heap after
{Heap after GC invocations=21 (full 0):
 garbage-first heap   total 80896K, used 37809K [0x0000000085e00000, 0x0000000100000000)
  region size 1024K, 3 young (3072K), 3 survivors (3072K)
 Metaspace       used 67272K, committed 67776K, reserved 1114112K
  class space    used 9664K, committed 9920K, reserved 1048576K
}
Event: 16.779 GC heap before
{Heap before GC invocations=21 (full 0):
 garbage-first heap   total 80896K, used 49073K [0x0000000085e00000, 0x0000000100000000)
  region size 1024K, 16 young (16384K), 3 survivors (3072K)
 Metaspace       used 67272K, committed 67776K, reserved 1114112K
  class space    used 9664K, committed 9920K, reserved 1048576K
}
Event: 16.787 GC heap after
{Heap after GC invocations=22 (full 0):
 garbage-first heap   total 161792K, used 41381K [0x0000000085e00000, 0x0000000100000000)
  region size 1024K, 4 young (4096K), 4 survivors (4096K)
 Metaspace       used 67272K, committed 67776K, reserved 1114112K
  class space    used 9664K, committed 9920K, reserved 1048576K
}
Event: 17.401 GC heap before
{Heap before GC invocations=22 (full 0):
 garbage-first heap   total 161792K, used 115109K [0x0000000085e00000, 0x0000000100000000)
  region size 1024K, 74 young (75776K), 4 survivors (4096K)
 Metaspace       used 67362K, committed 67904K, reserved 1114112K
  class space    used 9677K, committed 9984K, reserved 1048576K
}
Event: 17.434 GC heap after
{Heap after GC invocations=23 (full 0):
 garbage-first heap   total 161792K, used 60399K [0x0000000085e00000, 0x0000000100000000)
  region size 1024K, 10 young (10240K), 10 survivors (10240K)
 Metaspace       used 67362K, committed 67904K, reserved 1114112K
  class space    used 9677K, committed 9984K, reserved 1048576K
}
Event: 18.311 GC heap before
{Heap before GC invocations=23 (full 0):
 garbage-first heap   total 161792K, used 115695K [0x0000000085e00000, 0x0000000100000000)
  region size 1024K, 63 young (64512K), 10 survivors (10240K)
 Metaspace       used 67362K, committed 67904K, reserved 1114112K
  class space    used 9677K, committed 9984K, reserved 1048576K
}
Event: 18.342 GC heap after
{Heap after GC invocations=24 (full 0):
 garbage-first heap   total 161792K, used 74795K [0x0000000085e00000, 0x0000000100000000)
  region size 1024K, 8 young (8192K), 8 survivors (8192K)
 Metaspace       used 67362K, committed 67904K, reserved 1114112K
  class space    used 9677K, committed 9984K, reserved 1048576K
}
Event: 19.163 GC heap before
{Heap before GC invocations=24 (full 0):
 garbage-first heap   total 161792K, used 119851K [0x0000000085e00000, 0x0000000100000000)
  region size 1024K, 51 young (52224K), 8 survivors (8192K)
 Metaspace       used 67371K, committed 67968K, reserved 1114112K
  class space    used 9679K, committed 9984K, reserved 1048576K
}
Event: 19.183 GC heap after
{Heap after GC invocations=25 (full 0):
 garbage-first heap   total 161792K, used 85581K [0x0000000085e00000, 0x0000000100000000)
  region size 1024K, 7 young (7168K), 7 survivors (7168K)
 Metaspace       used 67371K, committed 67968K, reserved 1114112K
  class space    used 9679K, committed 9984K, reserved 1048576K
}
Event: 20.721 GC heap before
{Heap before GC invocations=25 (full 0):
 garbage-first heap   total 161792K, used 122445K [0x0000000085e00000, 0x0000000100000000)
  region size 1024K, 44 young (45056K), 7 survivors (7168K)
 Metaspace       used 69312K, committed 69888K, reserved 1114112K
  class space    used 9982K, committed 10240K, reserved 1048576K
}

