# JRE version: Java(TM) SE Runtime Environment (17.0.10+11) (build 17.0.10+11-LTS-240)
# Java VM: Java HotSpot(TM) 64-Bit Server VM (17.0.10+11-LTS-240, mixed mode, emulated-client, sharing, tiered, compressed oops, compressed class ptrs, g1 gc, windows-amd64)
GC Precious Log:
 CPUs: 4 total, 4 available
 Memory: 7815M
 Large Page Support: Disabled
 NUMA Support: Disabled
 Compressed Oops: Enabled (32-bit)
 Heap Region Size: 1M
 Heap Min Capacity: 8M
 Heap Initial Capacity: 124M
 Heap Max Capacity: 1954M
 Pre-touch: Disabled
 Parallel Workers: 4
 Concurrent Workers: 1
 Concurrent Refinement Workers: 4
 Periodic GC: Disabled
Heap:
 garbage-first heap   total 126976K, used 62896K [0x0000000085e00000, 0x0000000100000000)
  region size 1024K, 4 young (4096K), 4 survivors (4096K)
 Metaspace       used 67894K, committed 68480K, reserved 1114112K
  class space    used 9759K, committed 10048K, reserved 1048576K
GC Heap History (20 events):
Event: 8.128 GC heap after
{Heap after GC invocations=10 (full 0):
 garbage-first heap   total 70656K, used 23313K [0x0000000085e00000, 0x0000000100000000)
  region size 1024K, 2 young (2048K), 2 survivors (2048K)
 Metaspace       used 35699K, committed 36096K, reserved 1114112K
  class space    used 5078K, committed 5248K, reserved 1048576K
}
Event: 8.911 GC heap before
{Heap before GC invocations=11 (full 0):
 garbage-first heap   total 70656K, used 53009K [0x0000000085e00000, 0x0000000100000000)
  region size 1024K, 31 young (31744K), 2 survivors (2048K)
 Metaspace       used 42356K, committed 42944K, reserved 1114112K
  class space    used 6058K, committed 6336K, reserved 1048576K
}
Event: 8.919 GC heap after
{Heap after GC invocations=12 (full 0):
 garbage-first heap   total 70656K, used 24755K [0x0000000085e00000, 0x0000000100000000)
  region size 1024K, 4 young (4096K), 4 survivors (4096K)
 Metaspace       used 42356K, committed 42944K, reserved 1114112K
  class space    used 6058K, committed 6336K, reserved 1048576K
}
Event: 12.088 GC heap before
{Heap before GC invocations=12 (full 0):
 garbage-first heap   total 70656K, used 52403K [0x0000000085e00000, 0x0000000100000000)
  region size 1024K, 32 young (32768K), 4 survivors (4096K)
 Metaspace       used 52192K, committed 52736K, reserved 1114112K
  class space    used 7305K, committed 7552K, reserved 1048576K
}
Event: 12.099 GC heap after
{Heap after GC invocations=13 (full 0):
 garbage-first heap   total 120832K, used 27056K [0x0000000085e00000, 0x0000000100000000)
  region size 1024K, 4 young (4096K), 4 survivors (4096K)
 Metaspace       used 52192K, committed 52736K, reserved 1114112K
  class space    used 7305K, committed 7552K, reserved 1048576K
}
Event: 14.346 GC heap before
{Heap before GC invocations=13 (full 0):
 garbage-first heap   total 120832K, used 55728K [0x0000000085e00000, 0x0000000100000000)
  region size 1024K, 33 young (33792K), 4 survivors (4096K)
 Metaspace       used 59939K, committed 60480K, reserved 1114112K
  class space    used 8613K, committed 8896K, reserved 1048576K
}
Event: 14.358 GC heap after
{Heap after GC invocations=14 (full 0):
 garbage-first heap   total 120832K, used 28629K [0x0000000085e00000, 0x0000000100000000)
  region size 1024K, 6 young (6144K), 6 survivors (6144K)
 Metaspace       used 59939K, committed 60480K, reserved 1114112K
  class space    used 8613K, committed 8896K, reserved 1048576K
}
Event: 16.913 GC heap before
{Heap before GC invocations=15 (full 0):
 garbage-first heap   total 106496K, used 85973K [0x0000000085e00000, 0x0000000100000000)
  region size 1024K, 62 young (63488K), 6 survivors (6144K)
 Metaspace       used 67659K, committed 68224K, reserved 1114112K
  class space    used 9725K, committed 9984K, reserved 1048576K
}
Event: 16.929 GC heap after
{Heap after GC invocations=16 (full 0):
 garbage-first heap   total 106496K, used 32823K [0x0000000085e00000, 0x0000000100000000)
  region size 1024K, 8 young (8192K), 8 survivors (8192K)
 Metaspace       used 67659K, committed 68224K, reserved 1114112K
  class space    used 9725K, committed 9984K, reserved 1048576K
}
Event: 17.413 GC heap before
{Heap before GC invocations=17 (full 0):
 garbage-first heap   total 106496K, used 82999K [0x0000000085e00000, 0x0000000100000000)
  region size 1024K, 56 young (57344K), 8 survivors (8192K)
 Metaspace       used 67848K, committed 68352K, reserved 1114112K
  class space    used 9747K, committed 9984K, reserved 1048576K
}
Event: 17.467 GC heap after
{Heap after GC invocations=18 (full 0):
 garbage-first heap   total 106496K, used 44149K [0x0000000085e00000, 0x0000000100000000)
  region size 1024K, 7 young (7168K), 7 survivors (7168K)
 Metaspace       used 67848K, committed 68352K, reserved 1114112K
  class space    used 9747K, committed 9984K, reserved 1048576K
}
Event: 17.800 GC heap before
{Heap before GC invocations=18 (full 0):
 garbage-first heap   total 106496K, used 79989K [0x0000000085e00000, 0x0000000100000000)
  region size 1024K, 42 young (43008K), 7 survivors (7168K)
 Metaspace       used 67890K, committed 68480K, reserved 1114112K
  class space    used 9758K, committed 10048K, reserved 1048576K
}
Event: 17.825 GC heap after
{Heap after GC invocations=19 (full 0):
 garbage-first heap   total 106496K, used 53583K [0x0000000085e00000, 0x0000000100000000)
  region size 1024K, 6 young (6144K), 6 survivors (6144K)
 Metaspace       used 67890K, committed 68480K, reserved 1114112K
  class space    used 9758K, committed 10048K, reserved 1048576K
}
Event: 17.838 GC heap before
{Heap before GC invocations=19 (full 0):
 garbage-first heap   total 106496K, used 57679K [0x0000000085e00000, 0x0000000100000000)
  region size 1024K, 11 young (11264K), 6 survivors (6144K)
 Metaspace       used 67890K, committed 68480K, reserved 1114112K
  class space    used 9758K, committed 10048K, reserved 1048576K
}
Event: 17.849 GC heap after
{Heap after GC invocations=20 (full 0):
 garbage-first heap   total 106496K, used 55786K [0x0000000085e00000, 0x0000000100000000)
  region size 1024K, 2 young (2048K), 2 survivors (2048K)
 Metaspace       used 67890K, committed 68480K, reserved 1114112K
  class space    used 9758K, committed 10048K, reserved 1048576K
}
Event: 18.132 GC heap before
{Heap before GC invocations=21 (full 0):
 garbage-first heap   total 114688K, used 80362K [0x0000000085e00000, 0x0000000100000000)
  region size 1024K, 27 young (27648K), 2 survivors (2048K)
 Metaspace       used 67894K, committed 68480K, reserved 1114112K
  class space    used 9759K, committed 10048K, reserved 1048576K
}
Event: 18.151 GC heap after
{Heap after GC invocations=22 (full 0):
 garbage-first heap   total 114688K, used 62544K [0x0000000085e00000, 0x0000000100000000)
  region size 1024K, 4 young (4096K), 4 survivors (4096K)
 Metaspace       used 67894K, committed 68480K, reserved 1114112K
  class space    used 9759K, committed 10048K, reserved 1048576K
}
Event: 18.158 GC heap before
{Heap before GC invocations=22 (full 0):
 garbage-first heap   total 114688K, used 63568K [0x0000000085e00000, 0x0000000100000000)
  region size 1024K, 5 young (5120K), 4 survivors (4096K)
 Metaspace       used 67894K, committed 68480K, reserved 1114112K
  class space    used 9759K, committed 10048K, reserved 1048576K
}
Event: 18.173 GC heap after
{Heap after GC invocations=23 (full 0):
 garbage-first heap   total 114688K, used 57296K [0x0000000085e00000, 0x0000000100000000)
  region size 1024K, 1 young (1024K), 1 survivors (1024K)
 Metaspace       used 67894K, committed 68480K, reserved 1114112K
  class space    used 9759K, committed 10048K, reserved 1048576K
}
Event: 18.411 GC heap before
{Heap before GC invocations=23 (full 0):
 garbage-first heap   total 114688K, used 81872K [0x0000000085e00000, 0x0000000100000000)
  region size 1024K, 27 young (27648K), 1 survivors (1024K)
 Metaspace       used 67894K, committed 68480K, reserved 1114112K
  class space    used 9759K, committed 10048K, reserved 1048576K
}

